
                         MODELLER 9.23, 2019/10/22, r11522

     PROTEIN STRUCTURE MODELLING BY SATISFACTION OF SPATIAL RESTRAINTS


                     Copyright(c) 1989-2019 Andrej Sali
                            All Rights Reserved

                             Written by A. Sali
                               with help from
              B. Webb, M.S. Madhusudhan, M-Y. Shen, G.Q. Dong,
          M.A. Marti-Renom, N. Eswar, F. Alber, M. Topf, B. Oliva,
             A. Fiser, R. Sanchez, B. Yerkovich, A. Badretdinov,
                     F. Melo, J.P. Overington, E. Feyfant
                 University of California, San Francisco, USA
                    Rockefeller University, New York, USA
                      Harvard University, Cambridge, USA
                   Imperial Cancer Research Fund, London, UK
              Birkbeck College, University of London, London, UK


Kind, OS, HostName, Kernel, Processor: 4, Linux michael-Lenovo-Yoga-C740-15IML 5.3.0-26-generic x86_64
Date and time of compilation         : 2019/10/22 22:20:22
MODELLER executable type             : x86_64-intel8
Job starting time (YY/MM/DD HH:MM:SS): 2020/01/23 11:09:16

openf___224_> Open           $(LIB)/restyp.lib
openf___224_> Open           ${MODINSTALL9v23}/modlib/resgrp.lib
rdresgr_266_> Number of residue groups:        2
openf___224_> Open           ${MODINSTALL9v23}/modlib/sstruc.lib

Dynamically allocated memory at   amaxlibraries [B,KiB,MiB]:       191566     187.076     0.183

Dynamically allocated memory at   amaxlibraries [B,KiB,MiB]:       192094     187.592     0.183
openf___224_> Open           ${MODINSTALL9v23}/modlib/resdih.lib

Dynamically allocated memory at   amaxlibraries [B,KiB,MiB]:       240694     235.053     0.230
rdrdih__263_> Number of dihedral angle types         :        9
              Maximal number of dihedral angle optima:        3
              Dihedral angle names                   :  Alph Phi Psi Omeg chi1 chi2 chi3 chi4 chi5
openf___224_> Open           ${MODINSTALL9v23}/modlib/radii.lib

Dynamically allocated memory at   amaxlibraries [B,KiB,MiB]:       253994     248.041     0.242
openf___224_> Open           ${MODINSTALL9v23}/modlib/radii14.lib
openf___224_> Open           ${MODINSTALL9v23}/modlib/af_mnchdef.lib
rdwilmo_274_> Mainchain residue conformation classes:  APBLE
openf___224_> Open           ${MODINSTALL9v23}/modlib/mnch.lib
rdclass_257_> Number of classes:        5
openf___224_> Open           ${MODINSTALL9v23}/modlib/mnch1.lib
openf___224_> Open           ${MODINSTALL9v23}/modlib/mnch2.lib
openf___224_> Open           ${MODINSTALL9v23}/modlib/mnch3.lib
openf___224_> Open           ${MODINSTALL9v23}/modlib/xs4.mat
rdrrwgh_268_> Number of residue types:       21
openf___224_> Open           $(LIB)/top_heav.lib
read_to_681_> topology.submodel read from topology file:        3
openf___224_> Open           $(LIB)/par.lib

Dynamically allocated memory at  amaxparameters [B,KiB,MiB]:       393430     384.209     0.375

Dynamically allocated memory at  amaxparameters [B,KiB,MiB]:       395030     385.771     0.377

Dynamically allocated memory at  amaxparameters [B,KiB,MiB]:       399010     389.658     0.381

Dynamically allocated memory at  amaxparameters [B,KiB,MiB]:       401010     391.611     0.382

Dynamically allocated memory at  amaxparameters [B,KiB,MiB]:       404010     394.541     0.385

Dynamically allocated memory at  amaxparameters [B,KiB,MiB]:       408510     398.936     0.390

Dynamically allocated memory at  amaxparameters [B,KiB,MiB]:       414082     404.377     0.395

Dynamically allocated memory at  amaxparameters [B,KiB,MiB]:       416882     407.111     0.398

Dynamically allocated memory at  amaxparameters [B,KiB,MiB]:       421082     411.213     0.402

Dynamically allocated memory at  amaxparameters [B,KiB,MiB]:       427382     417.365     0.408

Dynamically allocated memory at  amaxparameters [B,KiB,MiB]:       430154     420.072     0.410

Dynamically allocated memory at  amaxparameters [B,KiB,MiB]:       431554     421.439     0.412
read_pa_232_> parameters    BONDS   ANGLS  DIHEDS IMPROPS    MODE
                              227     561     661     112       0
openf___224_> Open           A0A0J5PZ55_ASPFM.B99990006.pdb

Dynamically allocated memory at amaxcoordinates [B,KiB,MiB]:       442565     432.192     0.422

Dynamically allocated memory at    amaxsequence [B,KiB,MiB]:       442641     432.267     0.422

Dynamically allocated memory at amaxcoordinates [B,KiB,MiB]:       442812     432.434     0.422

Dynamically allocated memory at amaxcoordinates [B,KiB,MiB]:       443662     433.264     0.423

Dynamically allocated memory at amaxcoordinates [B,KiB,MiB]:       444920     434.492     0.424

Dynamically allocated memory at amaxcoordinates [B,KiB,MiB]:       446824     436.352     0.426

Dynamically allocated memory at    amaxsequence [B,KiB,MiB]:       446864     436.391     0.426

Dynamically allocated memory at amaxcoordinates [B,KiB,MiB]:       446954     436.479     0.426

Dynamically allocated memory at amaxcoordinates [B,KiB,MiB]:       449810     439.268     0.429

Dynamically allocated memory at    amaxsequence [B,KiB,MiB]:       449870     439.326     0.429

Dynamically allocated memory at amaxcoordinates [B,KiB,MiB]:       450005     439.458     0.429

Dynamically allocated memory at amaxcoordinates [B,KiB,MiB]:       454289     443.642     0.433

Dynamically allocated memory at    amaxsequence [B,KiB,MiB]:       454377     443.728     0.433

Dynamically allocated memory at amaxcoordinates [B,KiB,MiB]:       454575     443.921     0.434

Dynamically allocated memory at amaxcoordinates [B,KiB,MiB]:       461001     450.196     0.440

Dynamically allocated memory at    amaxsequence [B,KiB,MiB]:       461133     450.325     0.440

Dynamically allocated memory at amaxcoordinates [B,KiB,MiB]:       461430     450.615     0.440

Dynamically allocated memory at amaxcoordinates [B,KiB,MiB]:       471052     460.012     0.449

Dynamically allocated memory at    amaxsequence [B,KiB,MiB]:       471252     460.207     0.449

Dynamically allocated memory at amaxcoordinates [B,KiB,MiB]:       471702     460.646     0.450

Dynamically allocated memory at amaxcoordinates [B,KiB,MiB]:       486152     474.758     0.464

Dynamically allocated memory at    amaxsequence [B,KiB,MiB]:       486452     475.051     0.464

Dynamically allocated memory at amaxcoordinates [B,KiB,MiB]:       487127     475.710     0.465

Dynamically allocated memory at amaxcoordinates [B,KiB,MiB]:       508785     496.860     0.485

Dynamically allocated memory at    amaxsequence [B,KiB,MiB]:       509233     497.298     0.486

Dynamically allocated memory at amaxcoordinates [B,KiB,MiB]:       510241     498.282     0.487

Dynamically allocated memory at amaxcoordinates [B,KiB,MiB]:       542745     530.024     0.518

Dynamically allocated memory at    amaxsequence [B,KiB,MiB]:       543417     530.681     0.518

Dynamically allocated memory at amaxcoordinates [B,KiB,MiB]:       544929     532.157     0.520

Dynamically allocated memory at amaxcoordinates [B,KiB,MiB]:       593685     579.771     0.566
read_pd_403W> Treating residue type  PHE as a BLK (rigid body)
              even though topology information appears to be at least
              partially available. To treat this residue flexibly
              instead, remove the corresponding 'MODELLER BLK RESIDUE'
              REMARK from the input PDB file.

Dynamically allocated memory at    amaxsequence [B,KiB,MiB]:       593769     579.853     0.566

Dynamically allocated memory at amaxcoordinates [B,KiB,MiB]:       593769     579.853     0.566
read_pd_403W> Treating residue type  GLY as a BLK (rigid body)
              even though topology information appears to be at least
              partially available. To treat this residue flexibly
              instead, remove the corresponding 'MODELLER BLK RESIDUE'
              REMARK from the input PDB file.
read_pd_403W> Treating residue type  GLY as a BLK (rigid body)
              even though topology information appears to be at least
              partially available. To treat this residue flexibly
              instead, remove the corresponding 'MODELLER BLK RESIDUE'
              REMARK from the input PDB file.
rdpdb___403W> Treating residue type  VAL as a BLK (rigid body)
              even though topology information appears to be at least
              partially available. To treat this residue flexibly
              instead, remove the corresponding 'MODELLER BLK RESIDUE'
              REMARK from the input PDB file.

Dynamically allocated memory at       amaxmodel [B,KiB,MiB]:       941609     919.540     0.898
read_mo_297_> Segments, residues, atoms:        2      449     3387
read_mo_298_> Segment:        1     1   446     3372
read_mo_298_> Segment:        2   447   449       15
relabel_387W> Model has multiple chains, and they do not all have a unique
              chain ID. Suggest you relabel them as A, B, C, etc.

Dynamically allocated memory at   amaxalignment [B,KiB,MiB]:       955448     933.055     0.911

Dynamically allocated memory at   amaxstructure [B,KiB,MiB]:      1211183    1182.796     1.155

Dynamically allocated memory at   amaxalignment [B,KiB,MiB]:      1215666    1187.174     1.159

Dynamically allocated memory at   amaxstructure [B,KiB,MiB]:      1471401    1436.915     1.403

Dynamically allocated memory at       amaxmodel [B,KiB,MiB]:      1521137    1485.485     1.451

mkilst______> segment topology constructed from sequence and RTF:
              segments residues  atoms  bonds angles dihedrals impropers:
                     1      446   3372   3432      0         0      1394

Dynamically allocated memory at       amaxmodel [B,KiB,MiB]:      1665625    1626.587     1.588

patch_______> segment topology patched using RTF:     1  ;  VAL  ;  NTER
              segments residues  atoms  bonds angles dihedrals impropers:
                     1      446   3372   3432   4679      5523      1394

genseg______> segment topology constructed from sequence and RTF:
              segments residues  atoms  bonds angles dihedrals impropers:
                     1      446   3372   3432   4679      5523      1394

mkilst______> segment topology constructed from sequence and RTF:
              segments residues  atoms  bonds angles dihedrals impropers:
                     2      449   3387   3432   4679      5523      1394

genseg______> segment topology constructed from sequence and RTF:
              segments residues  atoms  bonds angles dihedrals impropers:
                     2      449   3387   3432   4679      5523      1394
transfe_506_> MODEL is an average of all templates.
transfe_511_> Number of templates for coordinate transfer:        1
              After transferring coordinates of the equivalent template atoms,
              there are defined, undefined atoms in MODEL:     3387        0
openf___224_> Open           ${LIB}/atmcls-mf.lib

Dynamically allocated memory at amaxgroup_restr [B,KiB,MiB]:      1295253    1264.896     1.235

Dynamically allocated memory at amaxgroup_restr [B,KiB,MiB]:      1295317    1264.958     1.235

Dynamically allocated memory at amaxgroup_restr [B,KiB,MiB]:      1295375    1265.015     1.235

Dynamically allocated memory at amaxgroup_restr [B,KiB,MiB]:      1295439    1265.077     1.235

Dynamically allocated memory at amaxgroup_restr [B,KiB,MiB]:      1295505    1265.142     1.235

Dynamically allocated memory at amaxgroup_restr [B,KiB,MiB]:      1295569    1265.204     1.236

Dynamically allocated memory at amaxgroup_restr [B,KiB,MiB]:      1295725    1265.356     1.236

Dynamically allocated memory at amaxgroup_restr [B,KiB,MiB]:      1295853    1265.481     1.236

Dynamically allocated memory at amaxgroup_restr [B,KiB,MiB]:      1296147    1265.769     1.236

Dynamically allocated memory at amaxgroup_restr [B,KiB,MiB]:      1296339    1265.956     1.236

Dynamically allocated memory at amaxgroup_restr [B,KiB,MiB]:      1296843    1266.448     1.237

Dynamically allocated memory at amaxgroup_restr [B,KiB,MiB]:      1297099    1266.698     1.237

Dynamically allocated memory at amaxgroup_restr [B,KiB,MiB]:      1298095    1267.671     1.238

Dynamically allocated memory at amaxgroup_restr [B,KiB,MiB]:      1298479    1268.046     1.238

Dynamically allocated memory at amaxgroup_restr [B,KiB,MiB]:      1299055    1268.608     1.239

Dynamically allocated memory at amaxgroup_restr [B,KiB,MiB]:      1301089    1270.595     1.241

Dynamically allocated memory at amaxgroup_restr [B,KiB,MiB]:      1301985    1271.470     1.242

Dynamically allocated memory at amaxgroup_restr [B,KiB,MiB]:      1306437    1275.817     1.246

Dynamically allocated memory at amaxgroup_restr [B,KiB,MiB]:      1307781    1277.130     1.247

Dynamically allocated memory at amaxgroup_restr [B,KiB,MiB]:      1317399    1286.522     1.256

Dynamically allocated memory at amaxgroup_restr [B,KiB,MiB]:      1319383    1288.460     1.258

Dynamically allocated memory at amaxgroup_restr [B,KiB,MiB]:      1340029    1308.622     1.278

Dynamically allocated memory at amaxgroup_restr [B,KiB,MiB]:      1343037    1311.560     1.281

Dynamically allocated memory at amaxgroup_restr [B,KiB,MiB]:      1389003    1356.448     1.325

Dynamically allocated memory at amaxgroup_restr [B,KiB,MiB]:      1393483    1360.823     1.329

Dynamically allocated memory at amaxgroup_restr [B,KiB,MiB]:      1494703    1459.671     1.425
openf___224_> Open           ${LIB}/dist-mf.lib

Dynamically allocated memory at amaxgroup_restr [B,KiB,MiB]:      1495099    1460.058     1.426

Dynamically allocated memory at amaxgroup_restr [B,KiB,MiB]:      1495895    1460.835     1.427

Dynamically allocated memory at amaxgroup_restr [B,KiB,MiB]:      1496691    1461.612     1.427

Dynamically allocated memory at amaxgroup_restr [B,KiB,MiB]:      1497879    1462.772     1.428

Dynamically allocated memory at amaxgroup_restr [B,KiB,MiB]:      1498279    1463.163     1.429

Dynamically allocated memory at amaxgroup_restr [B,KiB,MiB]:      1498879    1463.749     1.429

Dynamically allocated memory at amaxgroup_restr [B,KiB,MiB]:      1499779    1464.628     1.430

Dynamically allocated memory at amaxgroup_restr [B,KiB,MiB]:      1501127    1465.944     1.432

Dynamically allocated memory at amaxgroup_restr [B,KiB,MiB]:      1501327    1466.140     1.432

Dynamically allocated memory at amaxgroup_restr [B,KiB,MiB]:      1503351    1468.116     1.434

Dynamically allocated memory at amaxgroup_restr [B,KiB,MiB]:      1503651    1468.409     1.434

Dynamically allocated memory at amaxgroup_restr [B,KiB,MiB]:      1506687    1471.374     1.437

Dynamically allocated memory at amaxgroup_restr [B,KiB,MiB]:      1507135    1471.812     1.437

Dynamically allocated memory at amaxgroup_restr [B,KiB,MiB]:      1511687    1476.257     1.442

Dynamically allocated memory at amaxgroup_restr [B,KiB,MiB]:      1512359    1476.913     1.442

Dynamically allocated memory at amaxgroup_restr [B,KiB,MiB]:      1519187    1483.581     1.449

Dynamically allocated memory at amaxgroup_restr [B,KiB,MiB]:      1520195    1484.565     1.450

Dynamically allocated memory at amaxgroup_restr [B,KiB,MiB]:      1530439    1494.569     1.460

Dynamically allocated memory at amaxgroup_restr [B,KiB,MiB]:      1531039    1495.155     1.460

Dynamically allocated memory at amaxgroup_restr [B,KiB,MiB]:      1531439    1495.546     1.460

Dynamically allocated memory at amaxgroup_restr [B,KiB,MiB]:      1532951    1497.022     1.462

Dynamically allocated memory at amaxgroup_restr [B,KiB,MiB]:      1548315    1512.026     1.477

Dynamically allocated memory at amaxgroup_restr [B,KiB,MiB]:      1549215    1512.905     1.477

Dynamically allocated memory at amaxgroup_restr [B,KiB,MiB]:      1549815    1513.491     1.478

Dynamically allocated memory at amaxgroup_restr [B,KiB,MiB]:      1552083    1515.706     1.480

Dynamically allocated memory at amaxgroup_restr [B,KiB,MiB]:      1575131    1538.214     1.502

Dynamically allocated memory at amaxgroup_restr [B,KiB,MiB]:      1576475    1539.526     1.503

Dynamically allocated memory at amaxgroup_restr [B,KiB,MiB]:      1577375    1540.405     1.504

Dynamically allocated memory at amaxgroup_restr [B,KiB,MiB]:      1580779    1543.729     1.508

Dynamically allocated memory at amaxgroup_restr [B,KiB,MiB]:      1615351    1577.491     1.541

Dynamically allocated memory at amaxgroup_restr [B,KiB,MiB]:      1617367    1579.460     1.542

Dynamically allocated memory at amaxgroup_restr [B,KiB,MiB]:      1618715    1580.776     1.544

Dynamically allocated memory at amaxgroup_restr [B,KiB,MiB]:      1623819    1585.761     1.549

Dynamically allocated memory at amaxgroup_restr [B,KiB,MiB]:      1675675    1636.401     1.598

Dynamically allocated memory at amaxgroup_restr [B,KiB,MiB]:      1678699    1639.354     1.601

Dynamically allocated memory at amaxgroup_restr [B,KiB,MiB]:      1680723    1641.331     1.603

Dynamically allocated memory at amaxgroup_restr [B,KiB,MiB]:      1688379    1648.808     1.610

Dynamically allocated memory at amaxgroup_restr [B,KiB,MiB]:      1766163    1724.769     1.684

Dynamically allocated memory at amaxgroup_restr [B,KiB,MiB]:      1770699    1729.198     1.689

Dynamically allocated memory at amaxgroup_restr [B,KiB,MiB]:      1773735    1732.163     1.692

Dynamically allocated memory at amaxgroup_restr [B,KiB,MiB]:      1785219    1743.378     1.703

Dynamically allocated memory at amaxgroup_restr [B,KiB,MiB]:      1901895    1857.319     1.814

Dynamically allocated memory at amaxgroup_restr [B,KiB,MiB]:      1908699    1863.964     1.820

Dynamically allocated memory at amaxgroup_restr [B,KiB,MiB]:      1913251    1868.409     1.825

Dynamically allocated memory at amaxgroup_restr [B,KiB,MiB]:      1930479    1885.233     1.841

Dynamically allocated memory at amaxgroup_restr [B,KiB,MiB]:      2105495    2056.147     2.008

Dynamically allocated memory at amaxgroup_restr [B,KiB,MiB]:      2115707    2066.120     2.018

Dynamically allocated memory at amaxgroup_restr [B,KiB,MiB]:      2122535    2072.788     2.024

Dynamically allocated memory at amaxgroup_restr [B,KiB,MiB]:      2148375    2098.022     2.049

Dynamically allocated memory at amaxgroup_restr [B,KiB,MiB]:      2410899    2354.394     2.299

Dynamically allocated memory at amaxgroup_restr [B,KiB,MiB]:      2426211    2369.347     2.314

Dynamically allocated memory at amaxgroup_restr [B,KiB,MiB]:      2436455    2379.351     2.324

Dynamically allocated memory at amaxgroup_restr [B,KiB,MiB]:      2475215    2417.202     2.361

Dynamically allocated memory at amaxgroup_restr [B,KiB,MiB]:      2868999    2801.757     2.736

Dynamically allocated memory at amaxgroup_restr [B,KiB,MiB]:      2891967    2824.187     2.758

Dynamically allocated memory at amaxgroup_restr [B,KiB,MiB]:      2907331    2839.190     2.773

Dynamically allocated memory at amaxgroup_restr [B,KiB,MiB]:      2965471    2895.968     2.828

Dynamically allocated memory at amaxgroup_restr [B,KiB,MiB]:      3556147    3472.800     3.391

Dynamically allocated memory at amaxgroup_restr [B,KiB,MiB]:      3590599    3506.444     3.424

Dynamically allocated memory at amaxgroup_restr [B,KiB,MiB]:      3613647    3528.952     3.446

Dynamically allocated memory at amaxgroup_restr [B,KiB,MiB]:      3700859    3614.120     3.529

Dynamically allocated memory at amaxgroup_restr [B,KiB,MiB]:      4586875    4479.370     4.374

Dynamically allocated memory at amaxgroup_restr [B,KiB,MiB]:      4638559    4529.843     4.424

Dynamically allocated memory at amaxgroup_restr [B,KiB,MiB]:      4673131    4563.604     4.457

Dynamically allocated memory at amaxgroup_restr [B,KiB,MiB]:      4803947    4691.354     4.581

Dynamically allocated memory at amaxgroup_restr [B,KiB,MiB]:      6132971    5989.229     5.849
read_pa_232_> parameters    BONDS   ANGLS  DIHEDS IMPROPS    MODE
                                0       0       0       0   12561
>> Model assessment by DOPE potential
preppdf_453W> No fixed restraints selected; there may be some dynamic ones.
preppdf_454W> Restraints file was probably not read; use restraints.append().

Dynamically allocated memory at amaxhash_contac [B,KiB,MiB]:      7108551    6941.944     6.779

Dynamically allocated memory at  amaxrestraints [B,KiB,MiB]:      7482443    7307.073     7.136

Dynamically allocated memory at  amaxrestraints [B,KiB,MiB]:      7563731    7386.456     7.213

Dynamically allocated memory at  amaxrestraints [B,KiB,MiB]:      7726307    7545.222     7.368

Dynamically allocated memory at  amaxrestraints [B,KiB,MiB]:      8051459    7862.753     7.678

Dynamically allocated memory at  amaxrestraints [B,KiB,MiB]:      8701763    8497.815     8.299

Dynamically allocated memory at  amaxrestraints [B,KiB,MiB]:     10002371    9767.940     9.539

Dynamically allocated memory at  amaxrestraints [B,KiB,MiB]:     12603587   12308.190    12.020

Dynamically allocated memory at  amaxrestraints [B,KiB,MiB]:     17806019   17388.691    16.981


>> ENERGY; Differences between the model's features and restraints:
Number of all residues in MODEL                   :      449
Number of all, selected real atoms                :     3387    3387
Number of all, selected pseudo atoms              :        0       0
Number of all static, selected restraints         :        0       0
COVALENT_CYS                                      :        F
NONBONDED_SEL_ATOMS                               :        1
Number of non-bonded pairs (excluding 1-2,1-3,1-4):   719466
Dynamic pairs routine                             : 1, NATM x NATM double loop
Atomic shift for contacts update (UPDATE_DYNAMIC) :    0.390
LENNARD_JONES_SWITCH                              :    6.500   7.500
COULOMB_JONES_SWITCH                              :    6.500   7.500
RESIDUE_SPAN_RANGE                                :        1    9999
NLOGN_USE                                         :       15
CONTACT_SHELL                                     :   15.000
DYNAMIC_PAIRS,_SPHERE,_COULOMB,_LENNARD,_MODELLER :        T       F       F       F       T
SPHERE_STDV                                       :    0.050
RADII_FACTOR                                      :    0.820
Current energy                                    :      -39958.4023





Summary of the restraint violations: 

   NUM     ... number of restraints.
   NUMVI   ... number of restraints with RVIOL > VIOL_REPORT_CUT[i].
   RVIOL   ... relative difference from the best value.
   NUMVP   ... number of restraints with -Ln(pdf) > VIOL_REPORT_CUT2[i].
   RMS_1   ... RMS(feature, minimally_violated_basis_restraint, NUMB).
   RMS_2   ... RMS(feature, best_value, NUMB).
   MOL.PDF ... scaled contribution to -Ln(Molecular pdf).

 #                     RESTRAINT_GROUP      NUM   NUMVI  NUMVP   RMS_1   RMS_2         MOL.PDF     S_i
------------------------------------------------------------------------------------------------------
 1 Bond length potential              :       0       0      0   0.000   0.000      0.0000       0.000
 2 Bond angle potential               :       0       0      0   0.000   0.000      0.0000       0.000
 3 Stereochemical cosine torsion poten:       0       0      0   0.000   0.000      0.0000       0.000
 4 Stereochemical improper torsion pot:       0       0      0   0.000   0.000      0.0000       0.000
 5 Soft-sphere overlap restraints     :       0       0      0   0.000   0.000      0.0000       0.000
 6 Lennard-Jones 6-12 potential       :       0       0      0   0.000   0.000      0.0000       0.000
 7 Coulomb point-point electrostatic p:       0       0      0   0.000   0.000      0.0000       0.000
 8 H-bonding potential                :       0       0      0   0.000   0.000      0.0000       0.000
 9 Distance restraints 1 (CA-CA)      :       0       0      0   0.000   0.000      0.0000       0.000
10 Distance restraints 2 (N-O)        :       0       0      0   0.000   0.000      0.0000       0.000
11 Mainchain Phi dihedral restraints  :       0       0      0   0.000   0.000      0.0000       0.000
12 Mainchain Psi dihedral restraints  :       0       0      0   0.000   0.000      0.0000       0.000
13 Mainchain Omega dihedral restraints:       0       0      0   0.000   0.000      0.0000       0.000
14 Sidechain Chi_1 dihedral restraints:       0       0      0   0.000   0.000      0.0000       0.000
15 Sidechain Chi_2 dihedral restraints:       0       0      0   0.000   0.000      0.0000       0.000
16 Sidechain Chi_3 dihedral restraints:       0       0      0   0.000   0.000      0.0000       0.000
17 Sidechain Chi_4 dihedral restraints:       0       0      0   0.000   0.000      0.0000       0.000
18 Disulfide distance restraints      :       0       0      0   0.000   0.000      0.0000       0.000
19 Disulfide angle restraints         :       0       0      0   0.000   0.000      0.0000       0.000
20 Disulfide dihedral angle restraints:       0       0      0   0.000   0.000      0.0000       0.000
21 Lower bound distance restraints    :       0       0      0   0.000   0.000      0.0000       0.000
22 Upper bound distance restraints    :       0       0      0   0.000   0.000      0.0000       0.000
23 Distance restraints 3 (SDCH-MNCH)  :       0       0      0   0.000   0.000      0.0000       0.000
24 Sidechain Chi_5 dihedral restraints:       0       0      0   0.000   0.000      0.0000       0.000
25 Phi/Psi pair of dihedral restraints:       0       0      0   0.000   0.000      0.0000       0.000
26 Distance restraints 4 (SDCH-SDCH)  :       0       0      0   0.000   0.000      0.0000       0.000
27 Distance restraints 5 (X-Y)        :       0       0      0   0.000   0.000      0.0000       0.000
28 NMR distance restraints 6 (X-Y)    :       0       0      0   0.000   0.000      0.0000       0.000
29 NMR distance restraints 7 (X-Y)    :       0       0      0   0.000   0.000      0.0000       0.000
30 Minimal distance restraints        :       0       0      0   0.000   0.000      0.0000       0.000
31 Non-bonded restraints              :  719466       0   1537   7.009   7.009     -39958.       1.000
32 Atomic accessibility restraints    :       0       0      0   0.000   0.000      0.0000       0.000
33 Atomic density restraints          :       0       0      0   0.000   0.000      0.0000       0.000
34 Absolute position restraints       :       0       0      0   0.000   0.000      0.0000       0.000
35 Dihedral angle difference restraint:       0       0      0   0.000   0.000      0.0000       0.000
36 GBSA implicit solvent potential    :       0       0      0   0.000   0.000      0.0000       0.000
37 EM density fitting potential       :       0       0      0   0.000   0.000      0.0000       0.000
38 SAXS restraints                    :       0       0      0   0.000   0.000      0.0000       0.000
39 Symmetry restraints                :       0       0      0   0.000   0.000      0.0000       0.000
do_prof_492W> Are you sure you want to calculate a normalized energy profile!



openf___224_> Open           A0A0J5PZ55_ASPFM.profile
# Energy of each residue is written to: A0A0J5PZ55_ASPFM.profile
# The profile IS normalized by the number of restraints.
# The profiles are smoothed over a window of residues:   13
# The sum of all numbers in the file:     -12.7118

<< end of ENERGY.
DOPE score               : -39958.402344

Dynamically allocated memory at          finish [B,KiB,MiB]:     17513247   17102.781    16.702
Starting time                                            : 2020/01/23 11:09:16
Closing time                                             : 2020/01/23 11:09:21
Total CPU time [seconds]                                 :       4.12
